\BOOKMARK [0][-]{chapter*.1}{\376\377\144\130\000\040\211\201}{}% 1
\BOOKMARK [0][-]{chapter*.2}{\376\377\000A\000b\000s\000t\000r\000a\000c\000t}{}% 2
\BOOKMARK [0][-]{section*.3}{\376\377\166\356\000\040\137\125}{}% 3
\BOOKMARK [0][-]{section*.5}{\376\377\126\376\137\142\122\027\210\150}{}% 4
\BOOKMARK [0][-]{section*.7}{\376\377\210\150\150\074\122\027\210\150}{}% 5
\BOOKMARK [0][-]{chapter*.9}{\376\377\173\046\123\367\122\027\210\150}{}% 6
\BOOKMARK [0][-]{chapter.1}{\376\377\173\054\116\000\172\340\000\040\000\040\176\352\213\272}{}% 7
\BOOKMARK [1][-]{section.1.1}{\376\377\0001\000.\0001\000\040\170\024\172\166\200\314\146\157\123\312\163\260\133\236\141\017\116\111}{chapter.1}% 8
\BOOKMARK [1][-]{section.1.2}{\376\377\0001\000.\0002\000\040\126\375\121\205\131\026\170\024\172\166\163\260\162\266\123\312\226\276\160\271}{chapter.1}% 9
\BOOKMARK [1][-]{section.1.3}{\376\377\0001\000.\0003\000\040\121\150\145\207\176\323\147\204\123\312\122\033\145\260\160\271}{chapter.1}% 10
\BOOKMARK [1][-]{section.1.4}{\376\377\0001\000.\0004\000\040\147\054\172\340\134\017\176\323}{chapter.1}% 11
\BOOKMARK [0][-]{chapter.2}{\376\377\173\054\116\214\172\340\000\040\000\040\123\073\133\146\137\161\120\317\116\016\155\361\136\246\133\146\116\140\166\370\121\163\167\345\213\306}{}% 12
\BOOKMARK [1][-]{section.2.1}{\376\377\0002\000.\0001\000\040\123\073\133\146\137\161\120\317}{chapter.2}% 13
\BOOKMARK [1][-]{section.2.2}{\376\377\0002\000.\0002\000\040\116\272\135\345\171\136\176\317\177\121\176\334}{chapter.2}% 14
\BOOKMARK [1][-]{section.2.3}{\376\377\0002\000.\0003\000\040\123\167\171\357\171\136\176\317\177\121\176\334}{chapter.2}% 15
\BOOKMARK [1][-]{section.2.4}{\376\377\0002\000.\0004\000\040\155\361\136\246\123\167\171\357\171\136\176\317\177\121\176\334}{chapter.2}% 16
\BOOKMARK [1][-]{section.2.5}{\376\377\0002\000.\0005\000\040\147\054\172\340\134\017\176\323}{chapter.2}% 17
\BOOKMARK [0][-]{chapter.3}{\376\377\173\054\116\011\172\340\000\040\000\040\215\205\130\360\137\303\122\250\126\376\122\007\227\142\166\204\213\306\122\053\145\271\154\325}{}% 18
\BOOKMARK [1][-]{section.3.1}{\376\377\0003\000.\0001\000\040\137\025\212\000}{chapter.3}% 19
\BOOKMARK [1][-]{section.3.2}{\376\377\0003\000.\0002\000\040\123\167\171\357\171\136\176\317\177\121\176\334}{chapter.3}% 20
\BOOKMARK [1][-]{section.3.3}{\376\377\0003\000.\0003\000\040\000D\000e\000e\000p\000-\000E\000c\000h\000o\152\041\127\213}{chapter.3}% 21
\BOOKMARK [1][-]{section.3.4}{\376\377\0003\000.\0004\000\040\133\236\232\214\176\323\147\234\124\214\122\006\147\220}{chapter.3}% 22
\BOOKMARK [1][-]{section.3.5}{\376\377\0003\000.\0005\000\040\147\054\172\340\134\017\176\323}{chapter.3}% 23
\BOOKMARK [0][-]{chapter.4}{\376\377\173\054\126\333\172\340\000\040\000\040\172\172\225\364\221\321\133\127\130\124\122\006\211\343\166\204\155\361\136\246\123\357\211\306\123\026\145\271\154\325}{}% 24
\BOOKMARK [1][-]{section.4.1}{\376\377\0004\000.\0001\000\040\137\025\212\000}{chapter.4}% 25
\BOOKMARK [1][-]{section.4.2}{\376\377\0004\000.\0002\000\040\150\257\136\246\146\364\145\260\166\204\123\357\211\306\123\026\145\271\154\325}{chapter.4}% 26
\BOOKMARK [1][-]{section.4.3}{\376\377\0004\000.\0003\000\040\172\172\225\364\221\321\133\127\130\124\122\006\211\343}{chapter.4}% 27
\BOOKMARK [1][-]{section.4.4}{\376\377\0004\000.\0004\000\040\133\236\232\214\176\323\147\234\122\006\147\220\124\214\213\250\213\272}{chapter.4}% 28
\BOOKMARK [1][-]{section.4.5}{\376\377\0004\000.\0005\000\040\147\054\172\340\134\017\176\323}{chapter.4}% 29
\BOOKMARK [0][-]{chapter.5}{\376\377\173\054\116\224\172\340\000\040\000\040\123\073\133\146\213\241\173\227\147\072\217\205\122\251\150\300\155\113\145\271\154\325}{}% 30
\BOOKMARK [1][-]{section.5.1}{\376\377\0005\000.\0001\000\040\137\025\212\000}{chapter.5}% 31
\BOOKMARK [1][-]{section.5.2}{\376\377\0005\000.\0002\000\040\123\072\127\337\123\167\171\357\171\136\176\317\177\121\176\334\151\202\211\310}{chapter.5}% 32
\BOOKMARK [1][-]{section.5.3}{\376\377\0005\000.\0003\000\040\120\031\220\011\123\072\127\337\165\037\142\020\177\121\176\334\123\312\121\166\145\071\217\333}{chapter.5}% 33
\BOOKMARK [1][-]{section.5.4}{\376\377\0005\000.\0004\000\040\133\236\232\214\176\323\147\234\122\006\147\220\124\214\213\250\213\272}{chapter.5}% 34
\BOOKMARK [1][-]{section.5.5}{\376\377\0005\000.\0005\000\040\147\054\172\340\134\017\176\323}{chapter.5}% 35
\BOOKMARK [0][-]{chapter.6}{\376\377\173\054\121\155\172\340\000\040\000\040\123\073\133\146\126\376\120\317\166\204\122\006\122\162\145\271\154\325}{}% 36
\BOOKMARK [1][-]{section.6.1}{\376\377\0006\000.\0001\000\040\137\025\212\000}{chapter.6}% 37
\BOOKMARK [1][-]{section.6.2}{\376\377\0006\000.\0002\000\040\122\035\131\313\117\115\177\156\133\232\117\115\124\214\162\171\137\201\160\271\150\007\154\350}{chapter.6}% 38
\BOOKMARK [1][-]{section.6.3}{\376\377\0006\000.\0003\000\040\000A\000A\000M\152\041\127\213\124\214\000C\000L\000M\152\041\127\213}{chapter.6}% 39
\BOOKMARK [1][-]{section.6.4}{\376\377\0006\000.\0004\000\040\176\323\124\010\123\167\171\357\177\121\176\334\162\171\137\201\166\204\137\142\162\266\133\371\237\120\152\041\127\213}{chapter.6}% 40
\BOOKMARK [1][-]{section.6.5}{\376\377\0006\000.\0005\000\040\133\236\232\214\176\323\147\234\122\006\147\220\124\214\213\250\213\272}{chapter.6}% 41
\BOOKMARK [1][-]{section.6.6}{\376\377\0006\000.\0006\000\040\147\054\172\340\134\017\176\323}{chapter.6}% 42
\BOOKMARK [0][-]{chapter.7}{\376\377\173\054\116\003\172\340\000\040\000\040\140\073\176\323\116\016\134\125\147\033}{}% 43
\BOOKMARK [0][-]{section*.13}{\376\377\123\302\200\003\145\207\163\056}{}% 44
\BOOKMARK [0][-]{chapter*.15}{\376\377\145\073\213\373\133\146\117\115\147\037\225\364\123\321\210\150\166\204\133\146\147\057\213\272\145\207\116\016\171\321\170\024\142\020\147\234}{}% 45
\BOOKMARK [0][-]{chapter*.22}{\376\377\201\364\000\040\214\042}{}% 46
